<?xml version="1.0" encoding="UTF-8"?>
<!-- Generated by org.testng.reporters.JUnitReportReporter -->
<testsuite hostname="ak" failures="0" tests="1" name="test.PolicyBazarUserNameValidate" time="21.344" errors="0" timestamp="2023-07-16T16:20:48 IST" skipped="0">
  <testcase classname="test.PolicyBazarUserNameValidate" name="verifyUserName" time="21.344">
    <system-out>
      <![CDATA[Test verifyUserNameexecution started
This verifyUserNamemethod completed successfully]]>
    </system-out>
  </testcase> <!-- verifyUserName -->
  <system-out>
    <![CDATA[Reading data from excel sheet
Reading data from excel sheet
Test verifyUserNameexecution started
This verifyUserNamemethod completed successfully]]>
  </system-out>
</testsuite> <!-- test.PolicyBazarUserNameValidate -->
